<?xml version="1.0" encoding="UTF-8" ?>
<testsuite tests="2" failures="0" name="TestPetDAOImpl" time="2.514" errors="0" skipped="0">
  <properties>
    <property name="idea.version" value="2021.3.1"/>
    <property name="java.runtime.name" value="Java(TM) SE Runtime Environment"/>
    <property name="java.vm.version" value="11.0.4+10-LTS"/>
    <property name="sun.boot.library.path" value="D:\Java\JDK\bin"/>
    <property name="user.country.format" value="US"/>
    <property name="maven.multiModuleProjectDirectory" value="D:\Java\HW\HW\FourthHW\FourthHW"/>
    <property name="java.vm.vendor" value="Oracle Corporation"/>
    <property name="java.vendor.url" value="http://java.oracle.com/"/>
    <property name="guice.disable.misplaced.annotation.check" value="true"/>
    <property name="path.separator" value=";"/>
    <property name="java.vm.name" value="Java HotSpot(TM) 64-Bit Server VM"/>
    <property name="sun.os.patch.level" value=""/>
    <property name="user.script" value=""/>
    <property name="user.country" value="RU"/>
    <property name="sun.java.launcher" value="SUN_STANDARD"/>
    <property name="java.vm.specification.name" value="Java Virtual Machine Specification"/>
    <property name="user.dir" value="D:\Java\HW\HW\FourthHW\FourthHW"/>
    <property name="java.vm.compressedOopsMode" value="32-bit"/>
    <property name="java.runtime.version" value="11.0.4+10-LTS"/>
    <property name="java.awt.graphicsenv" value="sun.awt.Win32GraphicsEnvironment"/>
    <property name="os.arch" value="amd64"/>
    <property name="java.io.tmpdir" value="C:\Users\ACER\AppData\Local\Temp\"/>
    <property name="line.separator" value="
"/>
    <property name="java.vm.specification.vendor" value="Oracle Corporation"/>
    <property name="user.variant" value=""/>
    <property name="os.name" value="Windows 10"/>
    <property name="maven.ext.class.path" value="D:\Java\IntelliJ IDEA Community Edition 2021.3.1\plugins\maven\lib\maven-event-listener.jar"/>
    <property name="classworlds.conf" value="D:\Java\IntelliJ IDEA Community Edition 2021.3.1\plugins\maven\lib\maven3\bin\m2.conf"/>
    <property name="sun.jnu.encoding" value="Cp1251"/>
    <property name="java.library.path" value="D:\Java\JDK\bin;C:\Windows\Sun\Java\bin;C:\Windows\system32;C:\Windows;C:\Windows\system32;C:\Windows;C:\Windows\System32\Wbem;C:\Windows\System32\WindowsPowerShell\v1.0\;C:\Windows\System32\OpenSSH\;&quot;C:\Program Files\Git\cmd;D:\Java\apache-maven-3.9.4\bin;D:\Java\JDK\bin;D:\Java\apache-tomcat-10.1.13\bin&quot;;D:\Java\Git\cmd;C:\Users\ACER\AppData\Local\Microsoft\WindowsApps;D:\IntelliJ IDEA Community Edition 2021.3.1\bin;;D:\Microsoft VS Code\bin;D:\Java\apache-maven-3.9.4\bin;D:\Java\JDK\bin;D:\Java\apache-tomcat-10.1.13\bin&quot;;D:\Java\Git\cmd;C:\Users\ACER\AppData\Local\GitHubDesktop\bin;."/>
    <property name="maven.conf" value="D:\Java\IntelliJ IDEA Community Edition 2021.3.1\plugins\maven\lib\maven3/conf"/>
    <property name="jdk.debug" value="release"/>
    <property name="java.class.version" value="55.0"/>
    <property name="java.specification.name" value="Java Platform API Specification"/>
    <property name="sun.management.compiler" value="HotSpot 64-Bit Tiered Compilers"/>
    <property name="os.version" value="10.0"/>
    <property name="user.home" value="C:\Users\ACER"/>
    <property name="user.timezone" value="Europe/Moscow"/>
    <property name="java.awt.printerjob" value="sun.awt.windows.WPrinterJob"/>
    <property name="file.encoding" value="UTF-8"/>
    <property name="java.specification.version" value="11"/>
    <property name="user.name" value="ACER"/>
    <property name="java.class.path" value="D:\Java\IntelliJ IDEA Community Edition 2021.3.1\plugins\maven\lib\maven3\boot\plexus-classworlds-2.6.0.jar;D:\Java\IntelliJ IDEA Community Edition 2021.3.1\plugins\maven\lib\maven3\boot\plexus-classworlds.license"/>
    <property name="java.vm.specification.version" value="11"/>
    <property name="sun.arch.data.model" value="64"/>
    <property name="sun.java.command" value="org.codehaus.classworlds.Launcher -Didea.version=2021.3.1 clean install"/>
    <property name="java.home" value="D:\Java\JDK"/>
    <property name="user.language" value="ru"/>
    <property name="java.specification.vendor" value="Oracle Corporation"/>
    <property name="user.language.format" value="en"/>
    <property name="awt.toolkit" value="sun.awt.windows.WToolkit"/>
    <property name="java.vm.info" value="mixed mode"/>
    <property name="java.version" value="11.0.4"/>
    <property name="java.vendor" value="Oracle Corporation"/>
    <property name="maven.home" value="D:\Java\IntelliJ IDEA Community Edition 2021.3.1\plugins\maven\lib\maven3"/>
    <property name="file.separator" value="\"/>
    <property name="java.version.date" value="2019-07-16"/>
    <property name="java.vendor.url.bug" value="http://bugreport.java.com/bugreport/"/>
    <property name="sun.io.unicode.encoding" value="UnicodeLittle"/>
    <property name="sun.cpu.endian" value="little"/>
    <property name="java.vendor.version" value="18.9"/>
    <property name="sun.desktop" value="windows"/>
    <property name="sun.cpu.isalist" value="amd64"/>
  </properties>
  <testcase classname="TestPetDAOImpl" name="testExercise6" time="2.483"/>
  <testcase classname="TestPetDAOImpl" name="testCreatePet" time="0.031"/>
</testsuite>